building file list ... done
cannot delete non-empty directory: var/cache
composer.json
bin/console
config/dev.php
config/prod.php
src/app.php
src/console.php
src/controllers.php
templates/index.html
templates/layout.html
templates/errors/404.html
templates/errors/4xx.html
templates/errors/500.html
templates/errors/5xx.html
templates/errors/default.html
web/.htaccess
web/index.php
web/index_dev.php
web/npm-debug.log
web/css/app.css

sent 2795 bytes  received 1038 bytes  851.78 bytes/sec
total size is 62194  speedup is 16.23
